Using pre-set license
Built from '2020.2/release' branch; Version is '2020.2.1f1 (270dd8c3da1c) revision 2559448'; Using compiler version '192528614'; Build Type 'Release'
OS: 'Windows 10  (10.0.0) 64bit' Language: 'en' Physical Memory: 16335 MB
BatchMode: 1, IsHumanControllingUs: 0, StartBugReporterOnCrash: 0, Is64bit: 1, IsPro: 0

 COMMAND LINE ARGUMENTS:
D:\Windows Libraries\Desktop\Game Projects\2020.2.1f1\Editor\Unity.exe
-adb2
-batchMode
-noUpm
-name
AssetImportWorker0
-projectPath
D:/Windows Libraries/Desktop/Game Projects/Platformer
-logFile
Logs/AssetImportWorker0.log
-srvPort
64006
Successfully changed project path to: D:/Windows Libraries/Desktop/Game Projects/Platformer
D:/Windows Libraries/Desktop/Game Projects/Platformer
Using Asset Import Pipeline V2.
Refreshing native plugins compatible for Editor in 37.98 ms, found 0 plugins.
Preloading 0 native plugins for Editor in 0.00 ms.
Initialize engine version: 2020.2.1f1 (270dd8c3da1c)
[Subsystems] Discovering subsystems at path D:/Windows Libraries/Desktop/Game Projects/2020.2.1f1/Editor/Data/Resources/UnitySubsystems
[Subsystems] Discovering subsystems at path D:/Windows Libraries/Desktop/Game Projects/Platformer/Assets
GfxDevice: creating device client; threaded=0
Direct3D:
    Version:  Direct3D 11.0 [level 11.1]
    Renderer: NVIDIA GeForce GTX 970 (ID=0x13c2)
    Vendor:   
    VRAM:     4043 MB
    Driver:   27.21.14.6089
Initialize mono
Mono path[0] = 'D:/Windows Libraries/Desktop/Game Projects/2020.2.1f1/Editor/Data/Managed'
Mono path[1] = 'D:/Windows Libraries/Desktop/Game Projects/2020.2.1f1/Editor/Data/MonoBleedingEdge/lib/mono/unityjit'
Mono config path = 'D:/Windows Libraries/Desktop/Game Projects/2020.2.1f1/Editor/Data/MonoBleedingEdge/etc'
Using monoOptions --debugger-agent=transport=dt_socket,embedding=1,server=y,suspend=n,address=127.0.0.1:56692
Begin MonoManager ReloadAssembly
Registering precompiled unity dll's ...
Register platform support module: D:/Windows Libraries/Desktop/Game Projects/2020.2.1f1/Editor/Data/PlaybackEngines/WindowsStandaloneSupport/UnityEditor.WindowsStandalone.Extensions.dll
Registered in 0.001868 seconds.
Native extension for WindowsStandalone target not found
Refreshing native plugins compatible for Editor in 31.46 ms, found 0 plugins.
Preloading 0 native plugins for Editor in 0.00 ms.
Invoked RoslynAnalysisRunner static constructor.
RoslynAnalysisRunner will not be running.
RoslynAnalysisRunner has terminated.
Mono: successfully reloaded assembly
- Completed reload, in  1.998 seconds
Platform modules already initialized, skipping
Registering precompiled user dll's ...
Registered in 0.003272 seconds.
Begin MonoManager ReloadAssembly
Native extension for WindowsStandalone target not found
Refreshing native plugins compatible for Editor in 0.37 ms, found 0 plugins.
Preloading 0 native plugins for Editor in 0.00 ms.
Invoked RoslynAnalysisRunner static constructor.
RoslynAnalysisRunner will not be running.
RoslynAnalysisRunner has terminated.
Mono: successfully reloaded assembly
- Completed reload, in  0.997 seconds
Platform modules already initialized, skipping
========================================================================
Worker process is ready to serve import requests
Launched and connected shader compiler UnityShaderCompiler.exe after 0.04 seconds
Refreshing native plugins compatible for Editor in 0.36 ms, found 0 plugins.
Preloading 0 native plugins for Editor in 0.00 ms.
Unloading 1380 Unused Serialized files (Serialized files now loaded: 0)
System memory in use before: 64.3 MB.
System memory in use after: 64.4 MB.

Unloading 33 unused Assets to reduce memory usage. Loaded Objects now: 1810.
Total: 1.584700 ms (FindLiveObjects: 0.150200 ms CreateObjectMapping: 0.053900 ms MarkObjects: 1.329900 ms  DeleteObjects: 0.049800 ms)

========================================================================
Received Import Request.
  path: Assets/Animator/Player Controller.controller
  artifactKey: Guid(bcf8b1da5d15afd4381a35643f3eaa62) Importer(815301076,1909f56bfc062723c751e8b465ee728b)
Start importing Assets/Animator/Player Controller.controller using Guid(bcf8b1da5d15afd4381a35643f3eaa62) Importer(815301076,1909f56bfc062723c751e8b465ee728b)  -> (artifact id: '89b3a5012b21729d88e5547824caa768') in 0.094591 seconds
  Import took 0.097128 seconds .

========================================================================
Received Prepare
Registering precompiled user dll's ...
Registered in 0.003294 seconds.
Begin MonoManager ReloadAssembly
Native extension for WindowsStandalone target not found
Refreshing native plugins compatible for Editor in 0.38 ms, found 0 plugins.
Preloading 0 native plugins for Editor in 0.00 ms.
Invoked RoslynAnalysisRunner static constructor.
RoslynAnalysisRunner will not be running.
RoslynAnalysisRunner has terminated.
Mono: successfully reloaded assembly
- Completed reload, in  1.124 seconds
Platform modules already initialized, skipping
Refreshing native plugins compatible for Editor in 0.38 ms, found 0 plugins.
Preloading 0 native plugins for Editor in 0.00 ms.
Unloading 1374 Unused Serialized files (Serialized files now loaded: 0)
System memory in use before: 64.4 MB.
System memory in use after: 64.5 MB.

Unloading 24 unused Assets to reduce memory usage. Loaded Objects now: 1812.
Total: 1.792200 ms (FindLiveObjects: 0.168800 ms CreateObjectMapping: 0.086800 ms MarkObjects: 1.517500 ms  DeleteObjects: 0.018100 ms)

========================================================================
Received Prepare
Registering precompiled user dll's ...
Registered in 0.003387 seconds.
Begin MonoManager ReloadAssembly
Native extension for WindowsStandalone target not found
Refreshing native plugins compatible for Editor in 0.38 ms, found 0 plugins.
Preloading 0 native plugins for Editor in 0.00 ms.
Invoked RoslynAnalysisRunner static constructor.
RoslynAnalysisRunner will not be running.
RoslynAnalysisRunner has terminated.
Mono: successfully reloaded assembly
- Completed reload, in  0.978 seconds
Platform modules already initialized, skipping
Refreshing native plugins compatible for Editor in 0.38 ms, found 0 plugins.
Preloading 0 native plugins for Editor in 0.00 ms.
Unloading 1374 Unused Serialized files (Serialized files now loaded: 0)
System memory in use before: 64.6 MB.
System memory in use after: 64.7 MB.

Unloading 24 unused Assets to reduce memory usage. Loaded Objects now: 1814.
Total: 1.942900 ms (FindLiveObjects: 0.167900 ms CreateObjectMapping: 0.085200 ms MarkObjects: 1.672000 ms  DeleteObjects: 0.017000 ms)

========================================================================
Received Import Request.
  Time since last request: 760.306669 seconds.
  path: Assets/Scripts/Player.cs
  artifactKey: Guid(dad2cdc19c805d648b099e3b0724b64f) Importer(815301076,1909f56bfc062723c751e8b465ee728b)
Start importing Assets/Scripts/Player.cs using Guid(dad2cdc19c805d648b099e3b0724b64f) Importer(815301076,1909f56bfc062723c751e8b465ee728b)  -> (artifact id: '80cc4005c0b5efd4c5eafc30ac1823d5') in 0.031747 seconds
  Import took 0.034124 seconds .

========================================================================
Received Import Request.
  Time since last request: 0.037162 seconds.
  path: Assets/Scripts/Player.cs
  artifactKey: Guid(dad2cdc19c805d648b099e3b0724b64f) Importer(815301076,1909f56bfc062723c751e8b465ee728b)
Start importing Assets/Scripts/Player.cs using Guid(dad2cdc19c805d648b099e3b0724b64f) Importer(815301076,1909f56bfc062723c751e8b465ee728b)  -> (artifact id: '80cc4005c0b5efd4c5eafc30ac1823d5') in 0.004194 seconds
  Import took 0.009265 seconds .

========================================================================
Received Prepare
Registering precompiled user dll's ...
Registered in 0.003219 seconds.
Begin MonoManager ReloadAssembly
Native extension for WindowsStandalone target not found
Refreshing native plugins compatible for Editor in 0.39 ms, found 0 plugins.
Preloading 0 native plugins for Editor in 0.00 ms.
Invoked RoslynAnalysisRunner static constructor.
RoslynAnalysisRunner will not be running.
RoslynAnalysisRunner has terminated.
Mono: successfully reloaded assembly
- Completed reload, in  1.227 seconds
Platform modules already initialized, skipping
Refreshing native plugins compatible for Editor in 0.38 ms, found 0 plugins.
Preloading 0 native plugins for Editor in 0.00 ms.
Unloading 1374 Unused Serialized files (Serialized files now loaded: 0)
System memory in use before: 64.9 MB.
System memory in use after: 65.0 MB.

Unloading 24 unused Assets to reduce memory usage. Loaded Objects now: 1816.
Total: 1.640000 ms (FindLiveObjects: 0.137300 ms CreateObjectMapping: 0.047900 ms MarkObjects: 1.438800 ms  DeleteObjects: 0.015100 ms)

========================================================================
Received Prepare
Registering precompiled user dll's ...
Registered in 0.003353 seconds.
Begin MonoManager ReloadAssembly
Native extension for WindowsStandalone target not found
Refreshing native plugins compatible for Editor in 0.38 ms, found 0 plugins.
Preloading 0 native plugins for Editor in 0.00 ms.
Invoked RoslynAnalysisRunner static constructor.
RoslynAnalysisRunner will not be running.
RoslynAnalysisRunner has terminated.
Mono: successfully reloaded assembly
- Completed reload, in  0.822 seconds
Platform modules already initialized, skipping
Refreshing native plugins compatible for Editor in 0.39 ms, found 0 plugins.
Preloading 0 native plugins for Editor in 0.00 ms.
Unloading 1374 Unused Serialized files (Serialized files now loaded: 0)
System memory in use before: 65.0 MB.
System memory in use after: 65.1 MB.

Unloading 24 unused Assets to reduce memory usage. Loaded Objects now: 1818.
Total: 1.835800 ms (FindLiveObjects: 0.171800 ms CreateObjectMapping: 0.085300 ms MarkObjects: 1.560600 ms  DeleteObjects: 0.017200 ms)

========================================================================
Received Prepare
Registering precompiled user dll's ...
Registered in 0.003174 seconds.
Begin MonoManager ReloadAssembly
Native extension for WindowsStandalone target not found
Refreshing native plugins compatible for Editor in 0.38 ms, found 0 plugins.
Preloading 0 native plugins for Editor in 0.00 ms.
Invoked RoslynAnalysisRunner static constructor.
RoslynAnalysisRunner will not be running.
RoslynAnalysisRunner has terminated.
Mono: successfully reloaded assembly
- Completed reload, in  0.832 seconds
Platform modules already initialized, skipping
Refreshing native plugins compatible for Editor in 0.41 ms, found 0 plugins.
Preloading 0 native plugins for Editor in 0.00 ms.
Unloading 1374 Unused Serialized files (Serialized files now loaded: 0)
System memory in use before: 65.3 MB.
System memory in use after: 65.4 MB.

Unloading 24 unused Assets to reduce memory usage. Loaded Objects now: 1820.
Total: 1.869800 ms (FindLiveObjects: 0.157300 ms CreateObjectMapping: 0.133000 ms MarkObjects: 1.558500 ms  DeleteObjects: 0.019700 ms)

========================================================================
Received Prepare
Registering precompiled user dll's ...
Registered in 0.003309 seconds.
Begin MonoManager ReloadAssembly
Native extension for WindowsStandalone target not found
Refreshing native plugins compatible for Editor in 0.38 ms, found 0 plugins.
Preloading 0 native plugins for Editor in 0.00 ms.
Invoked RoslynAnalysisRunner static constructor.
RoslynAnalysisRunner will not be running.
RoslynAnalysisRunner has terminated.
Mono: successfully reloaded assembly
- Completed reload, in  1.133 seconds
Platform modules already initialized, skipping
Refreshing native plugins compatible for Editor in 0.39 ms, found 0 plugins.
Preloading 0 native plugins for Editor in 0.00 ms.
Unloading 1374 Unused Serialized files (Serialized files now loaded: 0)
System memory in use before: 65.5 MB.
System memory in use after: 65.6 MB.

Unloading 24 unused Assets to reduce memory usage. Loaded Objects now: 1822.
Total: 1.974600 ms (FindLiveObjects: 0.214500 ms CreateObjectMapping: 0.159400 ms MarkObjects: 1.581500 ms  DeleteObjects: 0.018100 ms)

========================================================================
Received Prepare
Registering precompiled user dll's ...
Registered in 0.003738 seconds.
Begin MonoManager ReloadAssembly
Native extension for WindowsStandalone target not found
Refreshing native plugins compatible for Editor in 0.39 ms, found 0 plugins.
Preloading 0 native plugins for Editor in 0.00 ms.
Invoked RoslynAnalysisRunner static constructor.
RoslynAnalysisRunner will not be running.
RoslynAnalysisRunner has terminated.
Mono: successfully reloaded assembly
- Completed reload, in  1.068 seconds
Platform modules already initialized, skipping
Refreshing native plugins compatible for Editor in 0.39 ms, found 0 plugins.
Preloading 0 native plugins for Editor in 0.00 ms.
Unloading 1374 Unused Serialized files (Serialized files now loaded: 0)
System memory in use before: 65.7 MB.
System memory in use after: 65.8 MB.

Unloading 24 unused Assets to reduce memory usage. Loaded Objects now: 1824.
Total: 2.111200 ms (FindLiveObjects: 0.205400 ms CreateObjectMapping: 0.101300 ms MarkObjects: 1.785300 ms  DeleteObjects: 0.018500 ms)

========================================================================
Received Import Request.
  Time since last request: 1413.880373 seconds.
  path: Assets/Scripts/CameraFollow.cs
  artifactKey: Guid(0211bc878d9c4f646abae343612a578b) Importer(815301076,1909f56bfc062723c751e8b465ee728b)
Start importing Assets/Scripts/CameraFollow.cs using Guid(0211bc878d9c4f646abae343612a578b) Importer(815301076,1909f56bfc062723c751e8b465ee728b)  -> (artifact id: 'd52598e55482132ffd65de29d5b00547') in 0.012372 seconds
  Import took 0.015390 seconds .

========================================================================
Received Import Request.
  Time since last request: 71.437622 seconds.
  path: Assets/Scripts/CheckPoint.cs
  artifactKey: Guid(ce85f7bd506248d46956e16fcebb1f6d) Importer(815301076,1909f56bfc062723c751e8b465ee728b)
Start importing Assets/Scripts/CheckPoint.cs using Guid(ce85f7bd506248d46956e16fcebb1f6d) Importer(815301076,1909f56bfc062723c751e8b465ee728b)  -> (artifact id: '1848a8897970802629954ca86df03c08') in 0.009007 seconds
  Import took 0.011848 seconds .

========================================================================
Received Import Request.
  Time since last request: 48.223300 seconds.
  path: Assets/Scripts/PlayerPosition.cs
  artifactKey: Guid(f0f762df6df6dfe49af535347185a7bb) Importer(815301076,1909f56bfc062723c751e8b465ee728b)
Start importing Assets/Scripts/PlayerPosition.cs using Guid(f0f762df6df6dfe49af535347185a7bb) Importer(815301076,1909f56bfc062723c751e8b465ee728b)  -> (artifact id: '22dd96b9448bf93dd1eb88dd9e8eb44a') in 0.021909 seconds
  Import took 0.024551 seconds .

========================================================================
Received Import Request.
  Time since last request: 37.153031 seconds.
  path: Assets/Scripts/Player.cs
  artifactKey: Guid(dad2cdc19c805d648b099e3b0724b64f) Importer(815301076,1909f56bfc062723c751e8b465ee728b)
Start importing Assets/Scripts/Player.cs using Guid(dad2cdc19c805d648b099e3b0724b64f) Importer(815301076,1909f56bfc062723c751e8b465ee728b)  -> (artifact id: '6d92e47b75aa61c329ffc7de299cd563') in 0.004506 seconds
  Import took 0.007524 seconds .

========================================================================
Received Import Request.
  Time since last request: 0.002994 seconds.
  path: Assets/Scripts/Player.cs
  artifactKey: Guid(dad2cdc19c805d648b099e3b0724b64f) Importer(815301076,1909f56bfc062723c751e8b465ee728b)
Start importing Assets/Scripts/Player.cs using Guid(dad2cdc19c805d648b099e3b0724b64f) Importer(815301076,1909f56bfc062723c751e8b465ee728b)  -> (artifact id: '6d92e47b75aa61c329ffc7de299cd563') in 0.006826 seconds
  Import took 0.009500 seconds .

========================================================================
Received Prepare
Registering precompiled user dll's ...
Registered in 0.003202 seconds.
Begin MonoManager ReloadAssembly
Native extension for WindowsStandalone target not found
Refreshing native plugins compatible for Editor in 0.38 ms, found 0 plugins.
Preloading 0 native plugins for Editor in 0.00 ms.
Invoked RoslynAnalysisRunner static constructor.
RoslynAnalysisRunner will not be running.
RoslynAnalysisRunner has terminated.
Mono: successfully reloaded assembly
- Completed reload, in  1.126 seconds
Platform modules already initialized, skipping
Refreshing native plugins compatible for Editor in 0.45 ms, found 0 plugins.
Preloading 0 native plugins for Editor in 0.00 ms.
Unloading 1374 Unused Serialized files (Serialized files now loaded: 0)
System memory in use before: 65.9 MB.
System memory in use after: 66.0 MB.

Unloading 24 unused Assets to reduce memory usage. Loaded Objects now: 1826.
Total: 2.198400 ms (FindLiveObjects: 0.189800 ms CreateObjectMapping: 0.247800 ms MarkObjects: 1.737400 ms  DeleteObjects: 0.022100 ms)

========================================================================
Received Import Request.
  Time since last request: 918.958807 seconds.
  path: Assets/Scripts/Rails.cs
  artifactKey: Guid(4025bfae843d92e41b2256d340b01351) Importer(815301076,1909f56bfc062723c751e8b465ee728b)
Start importing Assets/Scripts/Rails.cs using Guid(4025bfae843d92e41b2256d340b01351) Importer(815301076,1909f56bfc062723c751e8b465ee728b)  -> (artifact id: '024d872853632a8805386ce912773523') in 0.213793 seconds
  Import took 0.216433 seconds .

========================================================================
Received Prepare
Registering precompiled user dll's ...
Registered in 0.003713 seconds.
Begin MonoManager ReloadAssembly
Native extension for WindowsStandalone target not found
Refreshing native plugins compatible for Editor in 0.43 ms, found 0 plugins.
Preloading 0 native plugins for Editor in 0.00 ms.
Invoked RoslynAnalysisRunner static constructor.
RoslynAnalysisRunner will not be running.
RoslynAnalysisRunner has terminated.
Mono: successfully reloaded assembly
- Completed reload, in  0.851 seconds
Platform modules already initialized, skipping
Refreshing native plugins compatible for Editor in 0.39 ms, found 0 plugins.
Preloading 0 native plugins for Editor in 0.00 ms.
Unloading 1374 Unused Serialized files (Serialized files now loaded: 0)
System memory in use before: 66.1 MB.
System memory in use after: 66.2 MB.

Unloading 24 unused Assets to reduce memory usage. Loaded Objects now: 1828.
Total: 1.975000 ms (FindLiveObjects: 0.198000 ms CreateObjectMapping: 0.105000 ms MarkObjects: 1.651700 ms  DeleteObjects: 0.018900 ms)

========================================================================
Received Prepare
Registering precompiled user dll's ...
Registered in 0.003296 seconds.
Begin MonoManager ReloadAssembly
Native extension for WindowsStandalone target not found
Refreshing native plugins compatible for Editor in 0.82 ms, found 0 plugins.
Preloading 0 native plugins for Editor in 0.00 ms.
Invoked RoslynAnalysisRunner static constructor.
RoslynAnalysisRunner will not be running.
RoslynAnalysisRunner has terminated.
Mono: successfully reloaded assembly
- Completed reload, in  1.516 seconds
Platform modules already initialized, skipping
Refreshing native plugins compatible for Editor in 0.59 ms, found 0 plugins.
Preloading 0 native plugins for Editor in 0.00 ms.
Unloading 1374 Unused Serialized files (Serialized files now loaded: 0)
System memory in use before: 65.4 MB.
System memory in use after: 65.5 MB.

Unloading 24 unused Assets to reduce memory usage. Loaded Objects now: 1830.
Total: 2.654600 ms (FindLiveObjects: 0.352700 ms CreateObjectMapping: 0.146000 ms MarkObjects: 2.131600 ms  DeleteObjects: 0.022600 ms)

========================================================================
Received Import Request.
  Time since last request: 1076.131084 seconds.
  path: Assets/Prefabs/Bullet.prefab
  artifactKey: Guid(aa80491d3fd7fdd4a87850414f1b2ac1) Importer(815301076,1909f56bfc062723c751e8b465ee728b)
Start importing Assets/Prefabs/Bullet.prefab using Guid(aa80491d3fd7fdd4a87850414f1b2ac1) Importer(815301076,1909f56bfc062723c751e8b465ee728b)  -> (artifact id: '3f0f37994a649509aa7bf8e8922a7525') in 0.219068 seconds
  Import took 0.223349 seconds .

AssetImportWorkerClient::OnTransportError - code=2 error=End of file
