Using pre-set license
Built from '2020.2/release' branch; Version is '2020.2.1f1 (270dd8c3da1c) revision 2559448'; Using compiler version '192528614'; Build Type 'Release'
OS: 'Windows 10  (10.0.0) 64bit' Language: 'en' Physical Memory: 16335 MB
BatchMode: 1, IsHumanControllingUs: 0, StartBugReporterOnCrash: 0, Is64bit: 1, IsPro: 0

 COMMAND LINE ARGUMENTS:
D:\Windows Libraries\Desktop\Game Projects\2020.2.1f1\Editor\Unity.exe
-adb2
-batchMode
-noUpm
-name
AssetImportWorker0
-projectPath
D:/Windows Libraries/Desktop/Game Projects/Platformer
-logFile
Logs/AssetImportWorker0.log
-srvPort
58774
Successfully changed project path to: D:/Windows Libraries/Desktop/Game Projects/Platformer
D:/Windows Libraries/Desktop/Game Projects/Platformer
Using Asset Import Pipeline V2.
Refreshing native plugins compatible for Editor in 53.42 ms, found 0 plugins.
Preloading 0 native plugins for Editor in 0.00 ms.
Initialize engine version: 2020.2.1f1 (270dd8c3da1c)
[Subsystems] Discovering subsystems at path D:/Windows Libraries/Desktop/Game Projects/2020.2.1f1/Editor/Data/Resources/UnitySubsystems
[Subsystems] Discovering subsystems at path D:/Windows Libraries/Desktop/Game Projects/Platformer/Assets
GfxDevice: creating device client; threaded=0
Direct3D:
    Version:  Direct3D 11.0 [level 11.1]
    Renderer: NVIDIA GeForce GTX 970 (ID=0x13c2)
    Vendor:   
    VRAM:     4043 MB
    Driver:   27.21.14.6089
Initialize mono
Mono path[0] = 'D:/Windows Libraries/Desktop/Game Projects/2020.2.1f1/Editor/Data/Managed'
Mono path[1] = 'D:/Windows Libraries/Desktop/Game Projects/2020.2.1f1/Editor/Data/MonoBleedingEdge/lib/mono/unityjit'
Mono config path = 'D:/Windows Libraries/Desktop/Game Projects/2020.2.1f1/Editor/Data/MonoBleedingEdge/etc'
Using monoOptions --debugger-agent=transport=dt_socket,embedding=1,server=y,suspend=n,address=127.0.0.1:56860
Begin MonoManager ReloadAssembly
Registering precompiled unity dll's ...
Register platform support module: D:/Windows Libraries/Desktop/Game Projects/2020.2.1f1/Editor/Data/PlaybackEngines/WindowsStandaloneSupport/UnityEditor.WindowsStandalone.Extensions.dll
Registered in 0.002443 seconds.
Native extension for WindowsStandalone target not found
Refreshing native plugins compatible for Editor in 38.68 ms, found 0 plugins.
Preloading 0 native plugins for Editor in 0.00 ms.
Invoked RoslynAnalysisRunner static constructor.
RoslynAnalysisRunner will not be running.
RoslynAnalysisRunner has terminated.
Mono: successfully reloaded assembly
- Completed reload, in  3.753 seconds
Platform modules already initialized, skipping
Registering precompiled user dll's ...
Registered in 0.003981 seconds.
Begin MonoManager ReloadAssembly
Native extension for WindowsStandalone target not found
Refreshing native plugins compatible for Editor in 0.41 ms, found 0 plugins.
Preloading 0 native plugins for Editor in 0.00 ms.
Invoked RoslynAnalysisRunner static constructor.
RoslynAnalysisRunner will not be running.
RoslynAnalysisRunner has terminated.
Mono: successfully reloaded assembly
- Completed reload, in  1.453 seconds
Platform modules already initialized, skipping
========================================================================
Worker process is ready to serve import requests
Launched and connected shader compiler UnityShaderCompiler.exe after 0.08 seconds
Refreshing native plugins compatible for Editor in 0.44 ms, found 0 plugins.
Preloading 0 native plugins for Editor in 0.00 ms.
Unloading 1380 Unused Serialized files (Serialized files now loaded: 0)
System memory in use before: 64.4 MB.
System memory in use after: 64.5 MB.

Unloading 33 unused Assets to reduce memory usage. Loaded Objects now: 1810.
Total: 4.161600 ms (FindLiveObjects: 1.107100 ms CreateObjectMapping: 0.126800 ms MarkObjects: 2.865400 ms  DeleteObjects: 0.061000 ms)

========================================================================
Received Import Request.
  path: Assets/Scripts/Player.cs
  artifactKey: Guid(dad2cdc19c805d648b099e3b0724b64f) Importer(815301076,1909f56bfc062723c751e8b465ee728b)
Start importing Assets/Scripts/Player.cs using Guid(dad2cdc19c805d648b099e3b0724b64f) Importer(815301076,1909f56bfc062723c751e8b465ee728b)  -> (artifact id: 'd444242e8ffa07cf9c35170865a7bdcd') in 0.159009 seconds
  Import took 0.169563 seconds .

========================================================================
Received Prepare
Registering precompiled user dll's ...
Registered in 0.017830 seconds.
Begin MonoManager ReloadAssembly
Native extension for WindowsStandalone target not found
Refreshing native plugins compatible for Editor in 0.38 ms, found 0 plugins.
Preloading 0 native plugins for Editor in 0.00 ms.
Invoked RoslynAnalysisRunner static constructor.
RoslynAnalysisRunner will not be running.
RoslynAnalysisRunner has terminated.
Mono: successfully reloaded assembly
- Completed reload, in  0.980 seconds
Platform modules already initialized, skipping
Refreshing native plugins compatible for Editor in 0.82 ms, found 0 plugins.
Preloading 0 native plugins for Editor in 0.00 ms.
Unloading 1374 Unused Serialized files (Serialized files now loaded: 0)
System memory in use before: 64.5 MB.
System memory in use after: 64.6 MB.

Unloading 24 unused Assets to reduce memory usage. Loaded Objects now: 1812.
Total: 29.633400 ms (FindLiveObjects: 3.544000 ms CreateObjectMapping: 0.119200 ms MarkObjects: 25.915200 ms  DeleteObjects: 0.028700 ms)

========================================================================
Received Import Request.
  Time since last request: 498.242237 seconds.
  path: Assets/Scripts/Player.cs
  artifactKey: Guid(dad2cdc19c805d648b099e3b0724b64f) Importer(815301076,1909f56bfc062723c751e8b465ee728b)
Start importing Assets/Scripts/Player.cs using Guid(dad2cdc19c805d648b099e3b0724b64f) Importer(815301076,1909f56bfc062723c751e8b465ee728b)  -> (artifact id: '978d74a4b182f35f902299f31b068a0c') in 0.251601 seconds
  Import took 0.275429 seconds .

========================================================================
Received Import Request.
  Time since last request: 1.356291 seconds.
  path: Assets/Scripts/Player.cs
  artifactKey: Guid(dad2cdc19c805d648b099e3b0724b64f) Importer(815301076,1909f56bfc062723c751e8b465ee728b)
Start importing Assets/Scripts/Player.cs using Guid(dad2cdc19c805d648b099e3b0724b64f) Importer(815301076,1909f56bfc062723c751e8b465ee728b)  -> (artifact id: '978d74a4b182f35f902299f31b068a0c') in 0.004248 seconds
  Import took 0.006770 seconds .

========================================================================
Received Prepare
Registering precompiled user dll's ...
Registered in 0.003608 seconds.
Begin MonoManager ReloadAssembly
Native extension for WindowsStandalone target not found
Refreshing native plugins compatible for Editor in 0.38 ms, found 0 plugins.
Preloading 0 native plugins for Editor in 0.00 ms.
Invoked RoslynAnalysisRunner static constructor.
RoslynAnalysisRunner will not be running.
RoslynAnalysisRunner has terminated.
Mono: successfully reloaded assembly
- Completed reload, in  0.888 seconds
Platform modules already initialized, skipping
Refreshing native plugins compatible for Editor in 0.38 ms, found 0 plugins.
Preloading 0 native plugins for Editor in 0.00 ms.
Unloading 1374 Unused Serialized files (Serialized files now loaded: 0)
System memory in use before: 64.7 MB.
System memory in use after: 64.8 MB.

Unloading 24 unused Assets to reduce memory usage. Loaded Objects now: 1814.
Total: 1.766100 ms (FindLiveObjects: 0.162900 ms CreateObjectMapping: 0.083100 ms MarkObjects: 1.502800 ms  DeleteObjects: 0.016600 ms)

========================================================================
Received Import Request.
  Time since last request: 267.914223 seconds.
  path: Assets/Scripts/Player.cs
  artifactKey: Guid(dad2cdc19c805d648b099e3b0724b64f) Importer(815301076,1909f56bfc062723c751e8b465ee728b)
Start importing Assets/Scripts/Player.cs using Guid(dad2cdc19c805d648b099e3b0724b64f) Importer(815301076,1909f56bfc062723c751e8b465ee728b)  -> (artifact id: '380723979b4f819d5d1b1a4800cc1cbc') in 0.007615 seconds
  Import took 0.010006 seconds .

========================================================================
Received Prepare
Registering precompiled user dll's ...
Registered in 0.005144 seconds.
Begin MonoManager ReloadAssembly
Native extension for WindowsStandalone target not found
Refreshing native plugins compatible for Editor in 0.38 ms, found 0 plugins.
Preloading 0 native plugins for Editor in 0.00 ms.
Invoked RoslynAnalysisRunner static constructor.
RoslynAnalysisRunner will not be running.
RoslynAnalysisRunner has terminated.
Mono: successfully reloaded assembly
- Completed reload, in  1.265 seconds
Platform modules already initialized, skipping
Refreshing native plugins compatible for Editor in 0.67 ms, found 0 plugins.
Preloading 0 native plugins for Editor in 0.00 ms.
Unloading 1374 Unused Serialized files (Serialized files now loaded: 0)
System memory in use before: 64.9 MB.
System memory in use after: 65.0 MB.

Unloading 24 unused Assets to reduce memory usage. Loaded Objects now: 1816.
Total: 1.839000 ms (FindLiveObjects: 0.179000 ms CreateObjectMapping: 0.094100 ms MarkObjects: 1.546000 ms  DeleteObjects: 0.018500 ms)

========================================================================
Received Prepare
Registering precompiled user dll's ...
Registered in 0.004428 seconds.
Begin MonoManager ReloadAssembly
Native extension for WindowsStandalone target not found
Refreshing native plugins compatible for Editor in 0.39 ms, found 0 plugins.
Preloading 0 native plugins for Editor in 0.00 ms.
Invoked RoslynAnalysisRunner static constructor.
RoslynAnalysisRunner will not be running.
RoslynAnalysisRunner has terminated.
Mono: successfully reloaded assembly
- Completed reload, in  1.186 seconds
Platform modules already initialized, skipping
Refreshing native plugins compatible for Editor in 0.45 ms, found 0 plugins.
Preloading 0 native plugins for Editor in 0.00 ms.
Unloading 1374 Unused Serialized files (Serialized files now loaded: 0)
System memory in use before: 65.1 MB.
System memory in use after: 65.2 MB.

Unloading 24 unused Assets to reduce memory usage. Loaded Objects now: 1818.
Total: 1.888300 ms (FindLiveObjects: 0.175200 ms CreateObjectMapping: 0.090700 ms MarkObjects: 1.602000 ms  DeleteObjects: 0.019100 ms)

========================================================================
Received Prepare
Registering precompiled user dll's ...
Registered in 0.003403 seconds.
Begin MonoManager ReloadAssembly
Native extension for WindowsStandalone target not found
Refreshing native plugins compatible for Editor in 0.43 ms, found 0 plugins.
Preloading 0 native plugins for Editor in 0.00 ms.
Invoked RoslynAnalysisRunner static constructor.
RoslynAnalysisRunner will not be running.
RoslynAnalysisRunner has terminated.
Mono: successfully reloaded assembly
- Completed reload, in  1.209 seconds
Platform modules already initialized, skipping
Refreshing native plugins compatible for Editor in 0.67 ms, found 0 plugins.
Preloading 0 native plugins for Editor in 0.00 ms.
Unloading 1374 Unused Serialized files (Serialized files now loaded: 0)
System memory in use before: 65.4 MB.
System memory in use after: 65.5 MB.

Unloading 24 unused Assets to reduce memory usage. Loaded Objects now: 1820.
Total: 1.940900 ms (FindLiveObjects: 0.191300 ms CreateObjectMapping: 0.095200 ms MarkObjects: 1.631500 ms  DeleteObjects: 0.021400 ms)

========================================================================
Received Prepare
Registering precompiled user dll's ...
Registered in 0.003467 seconds.
Begin MonoManager ReloadAssembly
Native extension for WindowsStandalone target not found
Refreshing native plugins compatible for Editor in 0.39 ms, found 0 plugins.
Preloading 0 native plugins for Editor in 0.00 ms.
Invoked RoslynAnalysisRunner static constructor.
RoslynAnalysisRunner will not be running.
RoslynAnalysisRunner has terminated.
Mono: successfully reloaded assembly
- Completed reload, in  1.215 seconds
Platform modules already initialized, skipping
Refreshing native plugins compatible for Editor in 0.40 ms, found 0 plugins.
Preloading 0 native plugins for Editor in 0.00 ms.
Unloading 1374 Unused Serialized files (Serialized files now loaded: 0)
System memory in use before: 65.6 MB.
System memory in use after: 65.7 MB.

Unloading 24 unused Assets to reduce memory usage. Loaded Objects now: 1822.
Total: 2.174600 ms (FindLiveObjects: 0.323300 ms CreateObjectMapping: 0.117200 ms MarkObjects: 1.711100 ms  DeleteObjects: 0.021700 ms)

========================================================================
Received Prepare
Registering precompiled user dll's ...
Registered in 0.003505 seconds.
Begin MonoManager ReloadAssembly
Native extension for WindowsStandalone target not found
Refreshing native plugins compatible for Editor in 6.26 ms, found 0 plugins.
Preloading 0 native plugins for Editor in 0.00 ms.
Invoked RoslynAnalysisRunner static constructor.
RoslynAnalysisRunner will not be running.
RoslynAnalysisRunner has terminated.
Mono: successfully reloaded assembly
- Completed reload, in  1.505 seconds
Platform modules already initialized, skipping
Refreshing native plugins compatible for Editor in 0.40 ms, found 0 plugins.
Preloading 0 native plugins for Editor in 0.00 ms.
Unloading 1374 Unused Serialized files (Serialized files now loaded: 0)
System memory in use before: 65.8 MB.
System memory in use after: 65.9 MB.

Unloading 24 unused Assets to reduce memory usage. Loaded Objects now: 1824.
Total: 1.980900 ms (FindLiveObjects: 0.201400 ms CreateObjectMapping: 0.103300 ms MarkObjects: 1.657800 ms  DeleteObjects: 0.017500 ms)

========================================================================
Received Prepare
Registering precompiled user dll's ...
Registered in 0.003564 seconds.
Begin MonoManager ReloadAssembly
Native extension for WindowsStandalone target not found
Refreshing native plugins compatible for Editor in 0.39 ms, found 0 plugins.
Preloading 0 native plugins for Editor in 0.00 ms.
Invoked RoslynAnalysisRunner static constructor.
RoslynAnalysisRunner will not be running.
RoslynAnalysisRunner has terminated.
Mono: successfully reloaded assembly
- Completed reload, in  0.879 seconds
Platform modules already initialized, skipping
Refreshing native plugins compatible for Editor in 0.41 ms, found 0 plugins.
Preloading 0 native plugins for Editor in 0.00 ms.
Unloading 1374 Unused Serialized files (Serialized files now loaded: 0)
System memory in use before: 66.0 MB.
System memory in use after: 66.1 MB.

Unloading 24 unused Assets to reduce memory usage. Loaded Objects now: 1826.
Total: 1.951000 ms (FindLiveObjects: 0.196900 ms CreateObjectMapping: 0.128200 ms MarkObjects: 1.604300 ms  DeleteObjects: 0.020500 ms)

========================================================================
Received Prepare
Registering precompiled user dll's ...
Registered in 0.004082 seconds.
Begin MonoManager ReloadAssembly
Native extension for WindowsStandalone target not found
Refreshing native plugins compatible for Editor in 0.52 ms, found 0 plugins.
Preloading 0 native plugins for Editor in 0.00 ms.
Invoked RoslynAnalysisRunner static constructor.
RoslynAnalysisRunner will not be running.
RoslynAnalysisRunner has terminated.
Mono: successfully reloaded assembly
- Completed reload, in  1.118 seconds
Platform modules already initialized, skipping
Refreshing native plugins compatible for Editor in 0.51 ms, found 0 plugins.
Preloading 0 native plugins for Editor in 0.00 ms.
Unloading 1374 Unused Serialized files (Serialized files now loaded: 0)
System memory in use before: 66.1 MB.
System memory in use after: 66.2 MB.

Unloading 24 unused Assets to reduce memory usage. Loaded Objects now: 1828.
Total: 2.872900 ms (FindLiveObjects: 0.333000 ms CreateObjectMapping: 0.228200 ms MarkObjects: 2.230100 ms  DeleteObjects: 0.079800 ms)

========================================================================
Received Import Request.
  Time since last request: 1770.470192 seconds.
  path: Assets/Prefabs/Rail.prefab
  artifactKey: Guid(951638366a69da347a244383aafc90a5) Importer(815301076,1909f56bfc062723c751e8b465ee728b)
Start importing Assets/Prefabs/Rail.prefab using Guid(951638366a69da347a244383aafc90a5) Importer(815301076,1909f56bfc062723c751e8b465ee728b)  -> (artifact id: '6cf3c32ccfe79e6dcb71eff2b3337ec4') in 0.132038 seconds
  Import took 0.135001 seconds .

========================================================================
Received Prepare
Registering precompiled user dll's ...
Registered in 0.003484 seconds.
Begin MonoManager ReloadAssembly
Native extension for WindowsStandalone target not found
Refreshing native plugins compatible for Editor in 0.38 ms, found 0 plugins.
Preloading 0 native plugins for Editor in 0.00 ms.
Invoked RoslynAnalysisRunner static constructor.
RoslynAnalysisRunner will not be running.
RoslynAnalysisRunner has terminated.
Mono: successfully reloaded assembly
- Completed reload, in  0.886 seconds
Platform modules already initialized, skipping
Refreshing native plugins compatible for Editor in 0.52 ms, found 0 plugins.
Preloading 0 native plugins for Editor in 0.00 ms.
Unloading 1374 Unused Serialized files (Serialized files now loaded: 0)
System memory in use before: 68.6 MB.
System memory in use after: 68.7 MB.

Unloading 25 unused Assets to reduce memory usage. Loaded Objects now: 1838.
Total: 2.427300 ms (FindLiveObjects: 0.271100 ms CreateObjectMapping: 0.125100 ms MarkObjects: 1.996300 ms  DeleteObjects: 0.033400 ms)

========================================================================
Received Prepare
Registering precompiled user dll's ...
Registered in 0.003453 seconds.
Begin MonoManager ReloadAssembly
Native extension for WindowsStandalone target not found
Refreshing native plugins compatible for Editor in 0.39 ms, found 0 plugins.
Preloading 0 native plugins for Editor in 0.00 ms.
Invoked RoslynAnalysisRunner static constructor.
RoslynAnalysisRunner will not be running.
RoslynAnalysisRunner has terminated.
Mono: successfully reloaded assembly
- Completed reload, in  1.154 seconds
Platform modules already initialized, skipping
Refreshing native plugins compatible for Editor in 0.73 ms, found 0 plugins.
Preloading 0 native plugins for Editor in 0.00 ms.
Unloading 1374 Unused Serialized files (Serialized files now loaded: 0)
System memory in use before: 68.8 MB.
System memory in use after: 68.9 MB.

Unloading 24 unused Assets to reduce memory usage. Loaded Objects now: 1840.
Total: 2.850300 ms (FindLiveObjects: 0.335700 ms CreateObjectMapping: 0.231800 ms MarkObjects: 2.249600 ms  DeleteObjects: 0.031600 ms)

AssetImportWorkerClient::OnTransportError - code=2 error=End of file
